<?xml version="1.0" encoding="UTF-8"?>
<testng-results ignored="0" total="2" passed="2" failed="0" skipped="0">
  <reporter-output>
  </reporter-output>
  <suite started-at="2025-07-23T12:51:55 IST" name="Default suite" finished-at="2025-07-23T12:52:29 IST" duration-ms="33989">
    <groups>
    </groups>
    <test started-at="2025-07-23T12:51:55 IST" name="Default test" finished-at="2025-07-23T12:52:29 IST" duration-ms="33989">
      <class name="tests.FlowMapper">
        <test-method is-config="true" signature="generateIniFile()[pri:0, instance:tests.FlowMapper@740cae06]" started-at="2025-07-23T12:51:55 IST" name="generateIniFile" finished-at="2025-07-23T12:51:55 IST" duration-ms="34" status="PASS">
          <reporter-output>
          </reporter-output>
        </test-method> <!-- generateIniFile -->
        <test-method signature="flowMapperTest(java.util.HashMap)[pri:0, instance:tests.FlowMapper@740cae06]" started-at="2025-07-23T12:51:59 IST" name="flowMapperTest" data-provider="getData" finished-at="2025-07-23T12:52:00 IST" duration-ms="1721" status="PASS">
          <params>
            <param index="0">
              <value>
                <![CDATA[{CONTRACT=-, PRIORITY=P, STEP02=, TCID=FlowMapper_000, STEP03=, STEP01=EnvTest_QA, STEP06=, STEP07=, STEP04=, STEP05=, RUNMODE=Yes, WALLET=-, DESCRIPTION=Set environment to run test cases, TESTTYPE=no-check, STEP08=, STEP09=, FEATURE=-, VENDOR=-, TYPE=-}]]>
              </value>
            </param>
          </params>
          <reporter-output>
          </reporter-output>
        </test-method> <!-- flowMapperTest -->
        <test-method is-config="true" signature="result(org.testng.ITestResult)[pri:0, instance:tests.FlowMapper@740cae06]" started-at="2025-07-23T12:52:00 IST" name="result" finished-at="2025-07-23T12:52:01 IST" duration-ms="289" status="PASS">
          <params>
            <param index="0">
              <value>
                <![CDATA[[TestResult name=flowMapperTest status=SUCCESS method=FlowMapper.flowMapperTest(java.util.HashMap)[pri:0, instance:tests.FlowMapper@740cae06] output={null}]]]>
              </value>
            </param>
          </params>
          <reporter-output>
          </reporter-output>
        </test-method> <!-- result -->
        <test-method signature="flowMapperTest(java.util.HashMap)[pri:0, instance:tests.FlowMapper@740cae06]" started-at="2025-07-23T12:52:01 IST" name="flowMapperTest" data-provider="getData" finished-at="2025-07-23T12:52:26 IST" duration-ms="25778" status="PASS">
          <params>
            <param index="0">
              <value>
                <![CDATA[{CONTRACT=SR, PRIORITY=P0, STEP02=SupportRequestTest_001, TCID=FlowMapper_746, STEP03=LogoutTest_001, STEP01=LoginTest_001, STEP06=, STEP07=, STEP04=, STEP05=, RUNMODE=Yes, WALLET=Main, DESCRIPTION=Raise a Support Request, TESTTYPE=Positive, STEP08=, STEP09=, FEATURE=Support Request, VENDOR=, TYPE=}]]>
              </value>
            </param>
          </params>
          <reporter-output>
          </reporter-output>
        </test-method> <!-- flowMapperTest -->
        <test-method is-config="true" signature="result(org.testng.ITestResult)[pri:0, instance:tests.FlowMapper@740cae06]" started-at="2025-07-23T12:52:26 IST" name="result" finished-at="2025-07-23T12:52:29 IST" duration-ms="2108" status="PASS">
          <params>
            <param index="0">
              <value>
                <![CDATA[[TestResult name=flowMapperTest status=SUCCESS method=FlowMapper.flowMapperTest(java.util.HashMap)[pri:0, instance:tests.FlowMapper@740cae06] output={null}]]]>
              </value>
            </param>
          </params>
          <reporter-output>
          </reporter-output>
        </test-method> <!-- result -->
        <test-method is-config="true" signature="killDriver()[pri:0, instance:tests.FlowMapper@740cae06]" started-at="2025-07-23T12:52:29 IST" name="killDriver" finished-at="2025-07-23T12:52:29 IST" duration-ms="669" status="PASS">
          <reporter-output>
          </reporter-output>
        </test-method> <!-- killDriver -->
      </class> <!-- tests.FlowMapper -->
    </test> <!-- Default test -->
  </suite> <!-- Default suite -->
</testng-results>
