<?xml version="1.0" encoding="UTF-8"?>
<testng-results ignored="0" total="2" passed="2" failed="0" skipped="0">
  <reporter-output>
  </reporter-output>
  <suite started-at="2025-07-25T15:56:19 IST" name="Default suite" finished-at="2025-07-25T15:57:08 IST" duration-ms="49207">
    <groups>
    </groups>
    <test started-at="2025-07-25T15:56:19 IST" name="Default test" finished-at="2025-07-25T15:57:08 IST" duration-ms="49207">
      <class name="tests.FlowMapper">
        <test-method is-config="true" signature="generateIniFile()[pri:0, instance:tests.FlowMapper@77102b91]" started-at="2025-07-25T15:56:19 IST" name="generateIniFile" finished-at="2025-07-25T15:56:19 IST" duration-ms="22" status="PASS">
          <reporter-output>
          </reporter-output>
        </test-method> <!-- generateIniFile -->
        <test-method signature="flowMapperTest(java.util.HashMap)[pri:0, instance:tests.FlowMapper@77102b91]" started-at="2025-07-25T15:56:20 IST" name="flowMapperTest" data-provider="getData" finished-at="2025-07-25T15:56:21 IST" duration-ms="1154" status="PASS">
          <params>
            <param index="0">
              <value>
                <![CDATA[{CONTRACT=-, PRIORITY=P, STEP02=, TCID=FlowMapper_000, STEP03=, STEP01=EnvTest_QA, STEP06=, STEP07=, STEP04=, STEP05=, RUNMODE=Yes, WALLET=-, DESCRIPTION=Set environment to run test cases, TESTTYPE=no-check, STEP08=, STEP09=, FEATURE=-, VENDOR=-, TYPE=-}]]>
              </value>
            </param>
          </params>
          <reporter-output>
          </reporter-output>
        </test-method> <!-- flowMapperTest -->
        <test-method is-config="true" signature="result(org.testng.ITestResult)[pri:0, instance:tests.FlowMapper@77102b91]" started-at="2025-07-25T15:56:22 IST" name="result" finished-at="2025-07-25T15:56:22 IST" duration-ms="365" status="PASS">
          <params>
            <param index="0">
              <value>
                <![CDATA[[TestResult name=flowMapperTest status=SUCCESS method=FlowMapper.flowMapperTest(java.util.HashMap)[pri:0, instance:tests.FlowMapper@77102b91] output={null}]]]>
              </value>
            </param>
          </params>
          <reporter-output>
          </reporter-output>
        </test-method> <!-- result -->
        <test-method signature="flowMapperTest(java.util.HashMap)[pri:0, instance:tests.FlowMapper@77102b91]" started-at="2025-07-25T15:56:22 IST" name="flowMapperTest" data-provider="getData" finished-at="2025-07-25T15:57:05 IST" duration-ms="43451" status="PASS">
          <params>
            <param index="0">
              <value>
                <![CDATA[{CONTRACT=NOVOPAY, PRIORITY=P0, STEP02=EZYPAYDmtTest_001, TCID=FlowMapper_764, STEP03=LogoutTest_001, STEP01=LoginTest_001, STEP06=, STEP07=, STEP04=, STEP05=, RUNMODE=Yes, WALLET=Main, DESCRIPTION=Verify the Ezypay dmt success Transaction, TESTTYPE=Positive, STEP08=, STEP09=, FEATURE=Money Transfer-EZYPAY, VENDOR=, TYPE=Positive}]]>
              </value>
            </param>
          </params>
          <reporter-output>
          </reporter-output>
        </test-method> <!-- flowMapperTest -->
        <test-method is-config="true" signature="result(org.testng.ITestResult)[pri:0, instance:tests.FlowMapper@77102b91]" started-at="2025-07-25T15:57:05 IST" name="result" finished-at="2025-07-25T15:57:07 IST" duration-ms="1928" status="PASS">
          <params>
            <param index="0">
              <value>
                <![CDATA[[TestResult name=flowMapperTest status=SUCCESS method=FlowMapper.flowMapperTest(java.util.HashMap)[pri:0, instance:tests.FlowMapper@77102b91] output={null}]]]>
              </value>
            </param>
          </params>
          <reporter-output>
          </reporter-output>
        </test-method> <!-- result -->
        <test-method is-config="true" signature="killDriver()[pri:0, instance:tests.FlowMapper@77102b91]" started-at="2025-07-25T15:57:07 IST" name="killDriver" finished-at="2025-07-25T15:57:08 IST" duration-ms="728" status="PASS">
          <reporter-output>
          </reporter-output>
        </test-method> <!-- killDriver -->
      </class> <!-- tests.FlowMapper -->
    </test> <!-- Default test -->
  </suite> <!-- Default suite -->
</testng-results>
